<?xml version="1.0" encoding="UTF-8"?>
<!-- Generated by org.testng.reporters.JUnitReportReporter -->
<testsuite hostname="LAPTOP-F41SU3D1" failures="0" tests="1" name="practisedatadriventesting.CreateXmlTest" time="4.658" errors="0" timestamp="24 Feb 2025 10:17:22 GMT" skipped="0">
  <testcase classname="practisedatadriventesting.CreateXmlTest" name="createxmltest" time="4.658"/>
</testsuite> <!-- practisedatadriventesting.CreateXmlTest -->
